Determining if the pthread_create exist failed with the following output:
Change Dir: /home/eric/catkin_ws/build/CMakeFiles/CMakeTmp

Run Build Command:"/usr/bin/make" "cmTC_0e2df/fast"
/usr/bin/make -f CMakeFiles/cmTC_0e2df.dir/build.make CMakeFiles/cmTC_0e2df.dir/build
make[1]: Entering directory '/home/eric/catkin_ws/build/CMakeFiles/CMakeTmp'
Building C object CMakeFiles/cmTC_0e2df.dir/CheckSymbolExists.c.o
/usr/bin/cc    -o CMakeFiles/cmTC_0e2df.dir/CheckSymbolExists.c.o   -c /home/eric/catkin_ws/build/CMakeFiles/CMakeTmp/CheckSymbolExists.c
Linking C executable cmTC_0e2df
/usr/bin/cmake -E cmake_link_script CMakeFiles/cmTC_0e2df.dir/link.txt --verbose=1
/usr/bin/cc      -rdynamic CMakeFiles/cmTC_0e2df.dir/CheckSymbolExists.c.o  -o cmTC_0e2df 
CMakeFiles/cmTC_0e2df.dir/CheckSymbolExists.c.o: In function `main':
CheckSymbolExists.c:(.text+0x14): undefined reference to `pthread_create'
CheckSymbolExists.c:(.text+0x18): undefined reference to `pthread_create'
collect2: error: ld returned 1 exit status
CMakeFiles/cmTC_0e2df.dir/build.make:97: recipe for target 'cmTC_0e2df' failed
make[1]: *** [cmTC_0e2df] Error 1
make[1]: Leaving directory '/home/eric/catkin_ws/build/CMakeFiles/CMakeTmp'
Makefile:126: recipe for target 'cmTC_0e2df/fast' failed
make: *** [cmTC_0e2df/fast] Error 2

File /home/eric/catkin_ws/build/CMakeFiles/CMakeTmp/CheckSymbolExists.c:
/* */
#include <pthread.h>

int main(int argc, char** argv)
{
  (void)argv;
#ifndef pthread_create
  return ((int*)(&pthread_create))[argc];
#else
  (void)argc;
  return 0;
#endif
}

Determining if the function pthread_create exists in the pthreads failed with the following output:
Change Dir: /home/eric/catkin_ws/build/CMakeFiles/CMakeTmp

Run Build Command:"/usr/bin/make" "cmTC_90a64/fast"
/usr/bin/make -f CMakeFiles/cmTC_90a64.dir/build.make CMakeFiles/cmTC_90a64.dir/build
make[1]: Entering directory '/home/eric/catkin_ws/build/CMakeFiles/CMakeTmp'
Building C object CMakeFiles/cmTC_90a64.dir/CheckFunctionExists.c.o
/usr/bin/cc   -DCHECK_FUNCTION_EXISTS=pthread_create   -o CMakeFiles/cmTC_90a64.dir/CheckFunctionExists.c.o   -c /usr/share/cmake-3.10/Modules/CheckFunctionExists.c
Linking C executable cmTC_90a64
/usr/bin/cmake -E cmake_link_script CMakeFiles/cmTC_90a64.dir/link.txt --verbose=1
/usr/bin/cc  -DCHECK_FUNCTION_EXISTS=pthread_create    -rdynamic CMakeFiles/cmTC_90a64.dir/CheckFunctionExists.c.o  -o cmTC_90a64 -lpthreads 
/usr/bin/ld: cannot find -lpthreads
collect2: error: ld returned 1 exit status
CMakeFiles/cmTC_90a64.dir/build.make:97: recipe for target 'cmTC_90a64' failed
make[1]: *** [cmTC_90a64] Error 1
make[1]: Leaving directory '/home/eric/catkin_ws/build/CMakeFiles/CMakeTmp'
Makefile:126: recipe for target 'cmTC_90a64/fast' failed
make: *** [cmTC_90a64/fast] Error 2


